<?xml version="1.0" encoding="UTF-8"?>
<!-- Generated by org.testng.reporters.JUnitXMLReporter -->
<testsuite ignored="0" hostname="LTIN617551" failures="0" tests="4" name="EdgeTest" time="131.848" errors="0" timestamp="2025-07-28T10:17:47 IST">
  <testcase classname="com.main.tests.NewBikeTest" name="Filter" time="76.818"/>
  <testcase classname="com.main.tests.NewBikeTest" name="DisplayChennaiBikes" time="18.71"/>
  <testcase classname="com.main.tests.NewBikeTest" name="Authentication" time="6.529"/>
  <testcase classname="com.main.tests.NewBikeTest" name="Screenshot" time="0.114"/>
</testsuite> <!-- EdgeTest -->
