<?xml version="1.0" encoding="UTF-8"?>
<testng-results ignored="0" total="8" passed="7" failed="1" skipped="0">
  <reporter-output>
  </reporter-output>
  <suite started-at="2025-07-28T10:15:35 IST" name="Suite" finished-at="2025-07-28T10:17:47 IST" duration-ms="131848">
    <groups>
    </groups>
    <test started-at="2025-07-28T10:15:35 IST" name="ChromeTest" finished-at="2025-07-28T10:16:57 IST" duration-ms="81547">
      <class name="com.main.tests.NewBikeTest">
        <test-method is-config="true" signature="initDriver(java.lang.String)[pri:0, instance:com.main.tests.NewBikeTest@31190526]" started-at="2025-07-28T10:15:36 IST" name="initDriver" finished-at="2025-07-28T10:15:58 IST" duration-ms="21486" status="PASS">
          <params>
            <param index="0">
              <value>
                <![CDATA[chrome]]>
              </value>
            </param>
          </params>
          <reporter-output>
          </reporter-output>
        </test-method> <!-- initDriver -->
        <test-method signature="Filter()[pri:1, instance:com.main.tests.NewBikeTest@31190526]" started-at="2025-07-28T10:15:58 IST" name="Filter" finished-at="2025-07-28T10:16:18 IST" duration-ms="19713" status="FAIL">
          <exception class="org.openqa.selenium.StaleElementReferenceException">
            <message>
              <![CDATA[stale element reference: stale element not found in the current frame
  (Session info: chrome=137.0.7151.69)
For documentation on this error, please visit: https://www.selenium.dev/documentation/webdriver/troubleshooting/errors#stale-element-reference-exception
Build info: version: '4.34.0', revision: '707dcb4246*'
System info: os.name: 'Windows 11', os.arch: 'amd64', os.version: '10.0', java.version: '21.0.6'
Driver info: org.openqa.selenium.chrome.ChromeDriver
Command: [9312e5412b73278022988455aaf4c60b, getElementTagName {id=f.01D4BE7ACA5AAD19E6EF4F5853650BD5.d.F1A8157CF31259968934D10E131797DC.e.377}]
Capabilities {acceptInsecureCerts: false, browserName: chrome, browserVersion: 137.0.7151.69, chrome: {chromedriverVersion: 137.0.7151.119 (e0ac9d12dff..., userDataDir: C:\Users\2413673\AppData\Lo...}, fedcm:accounts: true, goog:chromeOptions: {debuggerAddress: localhost:61607}, networkConnectionEnabled: false, pageLoadStrategy: normal, platformName: windows, proxy: Proxy(), se:cdp: ws://localhost:61607/devtoo..., se:cdpVersion: 137.0.7151.69, setWindowRect: true, strictFileInteractability: false, timeouts: {implicit: 0, pageLoad: 300000, script: 30000}, unhandledPromptBehavior: dismiss and notify, webauthn:extension:credBlob: true, webauthn:extension:largeBlob: true, webauthn:extension:minPinLength: true, webauthn:extension:prf: true, webauthn:virtualAuthenticators: true}
Element: [[ChromeDriver: chrome on windows (9312e5412b73278022988455aaf4c60b)] -> id: maxPrice]
Session ID: 9312e5412b73278022988455aaf4c60b]]>
            </message>
            <full-stacktrace>
              <![CDATA[org.openqa.selenium.StaleElementReferenceException: stale element reference: stale element not found in the current frame
  (Session info: chrome=137.0.7151.69)
For documentation on this error, please visit: https://www.selenium.dev/documentation/webdriver/troubleshooting/errors#stale-element-reference-exception
Build info: version: '4.34.0', revision: '707dcb4246*'
System info: os.name: 'Windows 11', os.arch: 'amd64', os.version: '10.0', java.version: '21.0.6'
Driver info: org.openqa.selenium.chrome.ChromeDriver
Command: [9312e5412b73278022988455aaf4c60b, getElementTagName {id=f.01D4BE7ACA5AAD19E6EF4F5853650BD5.d.F1A8157CF31259968934D10E131797DC.e.377}]
Capabilities {acceptInsecureCerts: false, browserName: chrome, browserVersion: 137.0.7151.69, chrome: {chromedriverVersion: 137.0.7151.119 (e0ac9d12dff..., userDataDir: C:\Users\2413673\AppData\Lo...}, fedcm:accounts: true, goog:chromeOptions: {debuggerAddress: localhost:61607}, networkConnectionEnabled: false, pageLoadStrategy: normal, platformName: windows, proxy: Proxy(), se:cdp: ws://localhost:61607/devtoo..., se:cdpVersion: 137.0.7151.69, setWindowRect: true, strictFileInteractability: false, timeouts: {implicit: 0, pageLoad: 300000, script: 30000}, unhandledPromptBehavior: dismiss and notify, webauthn:extension:credBlob: true, webauthn:extension:largeBlob: true, webauthn:extension:minPinLength: true, webauthn:extension:prf: true, webauthn:virtualAuthenticators: true}
Element: [[ChromeDriver: chrome on windows (9312e5412b73278022988455aaf4c60b)] -> id: maxPrice]
Session ID: 9312e5412b73278022988455aaf4c60b
at java.base/jdk.internal.reflect.DirectConstructorHandleAccessor.newInstance(DirectConstructorHandleAccessor.java:62)
at java.base/java.lang.reflect.Constructor.newInstanceWithCaller(Constructor.java:502)
at java.base/java.lang.reflect.Constructor.newInstance(Constructor.java:486)
at org.openqa.selenium.remote.ErrorCodec.decode(ErrorCodec.java:167)
at org.openqa.selenium.remote.codec.w3c.W3CHttpResponseCodec.decode(W3CHttpResponseCodec.java:138)
at org.openqa.selenium.remote.codec.w3c.W3CHttpResponseCodec.decode(W3CHttpResponseCodec.java:50)
at org.openqa.selenium.remote.HttpCommandExecutor.execute(HttpCommandExecutor.java:215)
at org.openqa.selenium.remote.service.DriverCommandExecutor.invokeExecute(DriverCommandExecutor.java:216)
at org.openqa.selenium.remote.service.DriverCommandExecutor.execute(DriverCommandExecutor.java:174)
at org.openqa.selenium.remote.RemoteWebDriver.execute(RemoteWebDriver.java:544)
at org.openqa.selenium.remote.RemoteWebElement.execute(RemoteWebElement.java:223)
at org.openqa.selenium.remote.RemoteWebElement.getTagName(RemoteWebElement.java:134)
at org.openqa.selenium.support.ui.Select.<init>(Select.java:41)
at com.main.pages.NewBikes.FilterMethod(NewBikes.java:105)
at com.main.tests.NewBikeTest.Filter(NewBikeTest.java:21)
at java.base/jdk.internal.reflect.DirectMethodHandleAccessor.invoke(DirectMethodHandleAccessor.java:103)
at java.base/java.lang.reflect.Method.invoke(Method.java:580)
at org.testng.internal.invokers.MethodInvocationHelper.invokeMethod(MethodInvocationHelper.java:141)
at org.testng.internal.invokers.TestInvoker.invokeMethod(TestInvoker.java:687)
at org.testng.internal.invokers.TestInvoker.invokeTestMethod(TestInvoker.java:230)
at org.testng.internal.invokers.MethodRunner.runInSequence(MethodRunner.java:63)
at org.testng.internal.invokers.TestInvoker$MethodInvocationAgent.invoke(TestInvoker.java:995)
at org.testng.internal.invokers.TestInvoker.invokeTestMethods(TestInvoker.java:203)
at org.testng.internal.invokers.TestMethodWorker.invokeTestMethods(TestMethodWorker.java:154)
at org.testng.internal.invokers.TestMethodWorker.run(TestMethodWorker.java:134)
at java.base/java.util.ArrayList.forEach(ArrayList.java:1596)
at org.testng.TestRunner.privateRun(TestRunner.java:741)
at org.testng.TestRunner.run(TestRunner.java:616)
at org.testng.SuiteRunner.runTest(SuiteRunner.java:421)
at org.testng.SuiteRunner$SuiteWorker.run(SuiteRunner.java:463)
at org.testng.internal.thread.ThreadUtil.lambda$execute$0(ThreadUtil.java:64)
at java.base/java.util.concurrent.FutureTask.run(FutureTask.java:317)
at java.base/java.util.concurrent.ThreadPoolExecutor.runWorker(ThreadPoolExecutor.java:1144)
at java.base/java.util.concurrent.ThreadPoolExecutor$Worker.run(ThreadPoolExecutor.java:642)
at java.base/java.lang.Thread.run(Thread.java:1583)
]]>
            </full-stacktrace>
          </exception> <!-- org.openqa.selenium.StaleElementReferenceException -->
          <reporter-output>
          </reporter-output>
        </test-method> <!-- Filter -->
        <test-method signature="DisplayChennaiBikes()[pri:2, instance:com.main.tests.NewBikeTest@31190526]" started-at="2025-07-28T10:16:18 IST" name="DisplayChennaiBikes" finished-at="2025-07-28T10:16:43 IST" duration-ms="24835" status="PASS">
          <reporter-output>
          </reporter-output>
        </test-method> <!-- DisplayChennaiBikes -->
        <test-method signature="Authentication()[pri:3, instance:com.main.tests.NewBikeTest@31190526]" started-at="2025-07-28T10:16:43 IST" name="Authentication" finished-at="2025-07-28T10:16:50 IST" duration-ms="7485" status="PASS">
          <reporter-output>
          </reporter-output>
        </test-method> <!-- Authentication -->
        <test-method signature="Screenshot()[pri:4, instance:com.main.tests.NewBikeTest@31190526]" started-at="2025-07-28T10:16:50 IST" name="Screenshot" finished-at="2025-07-28T10:16:50 IST" duration-ms="126" status="PASS">
          <reporter-output>
          </reporter-output>
        </test-method> <!-- Screenshot -->
        <test-method is-config="true" signature="afterClass()[pri:0, instance:com.main.tests.NewBikeTest@31190526]" started-at="2025-07-28T10:16:50 IST" name="afterClass" finished-at="2025-07-28T10:16:57 IST" duration-ms="6724" status="PASS">
          <reporter-output>
          </reporter-output>
        </test-method> <!-- afterClass -->
      </class> <!-- com.main.tests.NewBikeTest -->
    </test> <!-- ChromeTest -->
    <test started-at="2025-07-28T10:15:35 IST" name="EdgeTest" finished-at="2025-07-28T10:17:47 IST" duration-ms="131848">
      <class name="com.main.tests.NewBikeTest">
        <test-method is-config="true" signature="initDriver(java.lang.String)[pri:0, instance:com.main.tests.NewBikeTest@70325e14]" started-at="2025-07-28T10:15:36 IST" name="initDriver" finished-at="2025-07-28T10:15:58 IST" duration-ms="21486" status="PASS">
          <params>
            <param index="0">
              <value>
                <![CDATA[edge]]>
              </value>
            </param>
          </params>
          <reporter-output>
          </reporter-output>
        </test-method> <!-- initDriver -->
        <test-method signature="Filter()[pri:1, instance:com.main.tests.NewBikeTest@70325e14]" started-at="2025-07-28T10:15:58 IST" name="Filter" finished-at="2025-07-28T10:17:15 IST" duration-ms="76818" status="PASS">
          <reporter-output>
          </reporter-output>
        </test-method> <!-- Filter -->
        <test-method signature="DisplayChennaiBikes()[pri:2, instance:com.main.tests.NewBikeTest@70325e14]" started-at="2025-07-28T10:17:15 IST" name="DisplayChennaiBikes" finished-at="2025-07-28T10:17:33 IST" duration-ms="18710" status="PASS">
          <reporter-output>
          </reporter-output>
        </test-method> <!-- DisplayChennaiBikes -->
        <test-method signature="Authentication()[pri:3, instance:com.main.tests.NewBikeTest@70325e14]" started-at="2025-07-28T10:17:33 IST" name="Authentication" finished-at="2025-07-28T10:17:40 IST" duration-ms="6529" status="PASS">
          <reporter-output>
          </reporter-output>
        </test-method> <!-- Authentication -->
        <test-method signature="Screenshot()[pri:4, instance:com.main.tests.NewBikeTest@70325e14]" started-at="2025-07-28T10:17:40 IST" name="Screenshot" finished-at="2025-07-28T10:17:40 IST" duration-ms="114" status="PASS">
          <reporter-output>
          </reporter-output>
        </test-method> <!-- Screenshot -->
        <test-method is-config="true" signature="afterClass()[pri:0, instance:com.main.tests.NewBikeTest@70325e14]" started-at="2025-07-28T10:17:40 IST" name="afterClass" finished-at="2025-07-28T10:17:47 IST" duration-ms="7092" status="PASS">
          <reporter-output>
          </reporter-output>
        </test-method> <!-- afterClass -->
      </class> <!-- com.main.tests.NewBikeTest -->
    </test> <!-- EdgeTest -->
  </suite> <!-- Suite -->
</testng-results>
